commit 75fe2f177595a9c0b6ef63d9f44c57f1b735b0d7
Author: npgh <nit.99.patel@gmail.com>
Date:   Wed Feb 19 20:14:18 2020 +0530

    Updated README.md with model and resource info

commit 71f3eb2f387040019f3ff839bb988135628c73b6
Author: npgh <nit.99.patel@gmail.com>
Date:   Wed Feb 19 20:04:04 2020 +0530

    Updated README.md in firstbanch

commit 190f408cd510f667c3adca1babee5884a781a007
Author: npgh <nit.99.patel@gmail.com>
Date:   Wed Feb 19 19:53:00 2020 +0530

    Updated README.md and added code

commit 3d783cab1b2146dfe4b105246a356ab2a26afe5a
Author: Nitesh Patel <nit.99.patel@gmail.com>
Date:   Wed Feb 19 19:33:38 2020 +0530

    Update README.md

commit 8424083fe7e9a533eb7a5fbd0d008e7309bfb867
Author: Nitesh Patel <nit.99.patel@gmail.com>
Date:   Wed Feb 19 19:31:20 2020 +0530

    Initial commit
